<?xml version="1.0" encoding="UTF-8"?>
<testsuite name="com.cg.demo.test.AccountServiceTest" tests="9" skipped="0" failures="0" errors="0" timestamp="2016-05-19T10:42:50" hostname="DIN56001172" time="0.1">
  <properties/>
  <testcase name="test_valid_account_number" classname="com.cg.demo.test.AccountServiceTest" time="0.09"/>
  <testcase name="test_showbalance" classname="com.cg.demo.test.AccountServiceTest" time="0.0"/>
  <testcase name="withdrawShouldThrowInvalidAccountNumberIfAccountNumberIsNotValid" classname="com.cg.demo.test.AccountServiceTest" time="0.01"/>
  <testcase name="ifAmountPassedToWithdrawIsNegativeThenItShouldThrowException" classname="com.cg.demo.test.AccountServiceTest" time="0.0"/>
  <testcase name="customerIsNullWhileCreatingAccount" classname="com.cg.demo.test.AccountServiceTest" time="0.0"/>
  <testcase name="whenAmountAndAccountNumberAreValidWithdrawShouldDeductTheBalance" classname="com.cg.demo.test.AccountServiceTest" time="0.0"/>
  <testcase name="accountCreatedSuccefuly" classname="com.cg.demo.test.AccountServiceTest" time="0.0"/>
  <testcase name="throwExceptionIfIntialAmountIsLessThatFiveHundred" classname="com.cg.demo.test.AccountServiceTest" time="0.0"/>
  <testcase name="ifAmountPassedIsGreaterThanBalanceThenWithdrawShouldThrowException" classname="com.cg.demo.test.AccountServiceTest" time="0.0"/>
  <system-out><![CDATA[]]></system-out>
  <system-err><![CDATA[]]></system-err>
</testsuite>
